2017-08-11 09:06:03,new chat started,69668132
2017-08-11 09:06:10,cecina,69668132
2017-08-11 09:07:08,7600,69668132
2017-08-11 09:07:23,8028,69668132
2017-08-11 09:07:35,6448,69668132
2017-08-11 09:09:30,6448,69668132
2017-08-11 09:10:03,cantino,69668132
2017-08-11 09:10:11,7600,69668132
2017-08-11 09:10:48,7600,69668132
2017-08-11 09:11:00,new chat started,69668132
2017-08-11 09:11:13,ricercainfo,69668132
2017-08-11 09:11:21,astor,69668132
2017-08-11 09:11:31,cantino,69668132
2017-08-11 09:11:52,new chat started,69668132
2017-08-11 09:18:49,new chat started,69668132
2017-08-11 09:18:51,new chat started,69668132
2017-08-11 09:19:40,new chat started,69668132
2017-08-11 09:19:42,new chat started,69668132
2017-08-11 09:19:54,new chat started,69668132
2017-08-11 09:20:41,new chat started,69668132
2017-08-11 09:27:38,new chat started,69668132
2017-08-11 09:27:50,ricercainfo,69668132
2017-08-11 09:27:56,cantino,69668132
2017-08-11 09:28:04,7600,69668132
2017-08-11 09:28:39,7600,69668132
2017-08-11 09:34:19,new chat started,80236908
2017-08-11 09:34:41,16740,80236908
2017-08-11 09:57:48,new chat started,115578024
2017-08-11 09:58:03,Rispescia,115578024
2017-08-11 09:58:13,new chat started,115578024
2017-08-11 09:58:53,new chat started,341181869
2017-08-11 10:25:50,new chat started,138539711
2017-08-11 10:26:09,17931,138539711
2017-08-11 10:26:16,ricercainfo,138539711
2017-08-11 10:50:10,new chat started,132099098
2017-08-11 10:50:58,ricercainfo,132099098
2017-08-11 10:51:20,Capannori,132099098
2017-08-11 10:51:40,new chat started,132099098
2017-08-11 11:26:08,new chat started,20318687
2017-08-11 11:41:16,new chat started,43732355
2017-08-11 11:47:06,new chat started,114716051
2017-08-11 11:48:05,new chat started,33271719
2017-08-11 11:54:36,new chat started,346714116
2017-08-11 11:58:15,new chat started,119364767
2017-08-11 11:59:25,17028,119364767
2017-08-11 12:01:06,new chat started,289676936
2017-08-11 12:01:47,9779,289676936
2017-08-11 12:02:03,ricercainfo,289676936
2017-08-11 12:02:07,new chat started,289676936
2017-08-11 12:05:41,new chat started,209255509
2017-08-11 12:33:16,new chat started,169166961
2017-08-11 13:21:19,new chat started,170689370
2017-08-11 13:23:01,5373,170689370
2017-08-11 14:03:12,new chat started,192424639
2017-08-11 14:03:24,new chat started,162802506
2017-08-11 14:19:16,3105,43732355
2017-08-11 14:46:08,ricercainfo,69668132
2017-08-11 14:46:15,cantino,69668132
2017-08-11 14:46:19,7600,69668132
2017-08-11 15:14:08,new chat started,286554919
2017-08-11 15:21:43,new chat started,237752815
2017-08-11 15:22:48,ricercainfo,237752815
2017-08-11 15:22:58,new chat started,237752815
2017-08-11 15:23:55,17192,237752815
2017-08-11 15:27:12,9996,237752815
2017-08-11 15:55:04,new chat started,217629896
2017-08-11 15:55:48,ricercainfo,217629896
2017-08-11 15:56:16, Alghero,217629896
2017-08-11 15:56:23,ricercainfo,217629896
2017-08-11 15:56:38, Monticchiello,217629896
2017-08-11 15:56:45,19146,217629896
2017-08-11 15:57:08, San vincenzo,217629896
2017-08-11 15:58:11,121,217629896
2017-08-11 16:28:37,new chat started,260621714
2017-08-12 00:24:56,new chat started,69668132
2017-08-12 00:25:49,Fano,69668132
2017-08-12 00:41:13,19026,69668132
2017-08-12 00:41:14,19026,69668132
2017-08-12 00:41:28,19026,69668132
2017-08-12 00:41:38,19026,69668132
2017-08-12 00:41:40,19026,69668132
2017-08-12 00:41:21,18900,69668132
2017-08-12 09:04:58,18810,69668132
2017-08-12 09:05:17,18810,69668132
2017-08-12 09:05:36,18810,69668132
2017-08-12 09:11:27,182090,69668132
2017-08-12 09:12:00,19026,69668132
2017-08-12 09:12:13,cecina,69668132
2017-08-12 09:12:16,fano,69668132
2017-08-12 09:12:27,13304,69668132
2017-08-12 09:27:31,19026,69668132
2017-08-12 09:32:17,fano,69668132
2017-08-12 09:32:26,coculla,69668132
2017-08-12 09:33:42,coculla,69668132
2017-08-12 10:13:53,6072,69668132
2017-08-12 10:14:08,6072,69668132
2017-08-12 10:14:54,6027,69668132
2017-08-12 10:15:23,6033,69668132
2017-08-12 10:15:36,6033,69668132
2017-08-12 10:15:48,gradara,69668132
2017-08-12 10:16:05,793,69668132
2017-08-12 10:16:19,783,69668132
2017-08-12 10:32:28,new chat started,69668132
2017-08-12 10:47:50,new chat started,115578024
2017-08-12 10:48:20,San Ginesio,115578024
2017-08-12 10:48:35,Macerata,115578024
2017-08-12 10:52:41,new chat started,442184941
2017-08-12 10:52:59,Comero,442184941
2017-08-12 11:08:56,il piccolo ranch,69668132
2017-08-12 11:09:01,ranch,69668132
2017-08-12 11:09:07,1912,69668132
2017-08-12 11:13:01,new chat started,341089546
2017-08-12 11:43:27,new chat started,418970430
2017-08-12 11:44:58,ricercainfo,418970430
2017-08-12 11:46:27, Casadei,418970430
2017-08-12 11:46:34,ricercainfo,418970430
2017-08-12 11:47:03, Elisabeth,418970430
2017-08-12 11:47:12,5930,418970430
2017-08-12 11:49:16,new chat started,418970430
2017-08-12 11:51:32,new chat started,418970430
2017-08-12 11:54:30,new chat started,418970430
2017-08-12 12:02:06,new chat started,418970430
2017-08-12 12:21:21,new chat started,69668132
2017-08-12 12:45:52,new chat started,31593989
,Civitanova Marche,69668132
2017-08-12 13:16:57,new chat started,69668132
2017-08-12 13:59:15,ricercainfo,31593989
2017-08-12 13:59:12,1638,69668132
2017-08-12 14:05:45,new chat started,69668132
2017-08-12 14:05:47,new chat started,69668132
2017-08-12 14:07:43,new chat started,69668132
2017-08-12 15:08:42,216,69668132
2017-08-12 15:08:45,216,69668132
2017-08-12 15:10:35,216,69668132
2017-08-12 15:10:35,216,69668132
2017-08-12 15:10:41,216,69668132
2017-08-12 15:11:07,216,69668132
2017-08-12 15:11:08,216,69668132
2017-08-12 15:11:21,216,69668132
2017-08-12 15:12:57,216,69668132
2017-08-12 15:13:00,216,69668132
2017-08-12 15:13:02,216,69668132
2017-08-12 15:13:15,216,69668132
2017-08-12 15:14:08,216,69668132
2017-08-12 15:14:19,216,69668132
2017-08-12 15:15:08,astoria,69668132
2017-08-12 15:15:12,284,69668132
2017-08-12 15:27:24,18349,69668132
2017-08-12 15:27:28,18349,69668132
2017-08-12 17:53:13,1966,69668132
2017-08-12 17:55:01,1965,69668132
2017-08-12 17:55:18,1956,69668132
2017-08-12 17:55:47,HOTEL SANTA MARIA,69668132
2017-08-12 17:56:11,218,69668132
2017-08-12 17:56:18,HOTEL SANTA MARIA,69668132
2017-08-12 17:56:22,218,69668132
2017-08-12 18:28:25,218,69668132
2017-08-12 18:29:20,1966,69668132
2017-08-12 18:30:30,1965,69668132
2017-08-12 18:31:08,1957,69668132
2017-08-12 18:31:15,1962,69668132
2017-08-12 18:31:34,1957,69668132
2017-08-12 18:32:31,1957,69668132
2017-08-12 18:32:41,764,69668132
2017-08-12 18:33:57,1966,69668132
2017-08-12 18:34:05,1952,69668132
2017-08-12 18:34:09,1949,69668132
2017-08-12 18:34:17,764,69668132
2017-08-12 18:34:33,171,69668132
2017-08-12 18:35:16,165,69668132
2017-08-12 18:35:48,ostello della pace,69668132
2017-08-12 18:35:53,332,69668132
2017-08-12 18:37:00,332,69668132
2017-08-12 18:40:33,332,69668132
2017-08-12 18:40:46,332,69668132
2017-08-12 18:42:45,332,69668132
2017-08-12 18:42:55,332,69668132
2017-08-12 18:43:14,165,69668132
2017-08-12 18:48:04,1270,69668132
